[debug] [2022-11-10T14:10:58.342Z] ----------------------------------------------------------------------
[debug] [2022-11-10T14:10:58.344Z] Command:       C:\Program Files\nodejs\node.exe C:\Users\hp\AppData\Roaming\npm\node_modules\firebase-tools\lib\bin\firebase.js deploy
[debug] [2022-11-10T14:10:58.345Z] CLI Version:   11.15.0
[debug] [2022-11-10T14:10:58.345Z] Platform:      win32
[debug] [2022-11-10T14:10:58.345Z] Node Version:  v16.15.1
[debug] [2022-11-10T14:10:58.350Z] Time:          Thu Nov 10 2022 20:10:58 GMT+0600 (Bangladesh Standard Time)
[debug] [2022-11-10T14:10:58.350Z] ----------------------------------------------------------------------
[debug] 
[debug] [2022-11-10T14:10:58.432Z] > command requires scopes: ["email","openid","https://www.googleapis.com/auth/cloudplatformprojects.readonly","https://www.googleapis.com/auth/firebase","https://www.googleapis.com/auth/cloud-platform"]
[debug] [2022-11-10T14:10:58.433Z] > authorizing via signed-in user (yusufbinemamstk@gmail.com)
[debug] [2022-11-10T14:10:58.433Z] [iam] checking project plumboy-37ca4 for permissions ["firebase.projects.get","firebasehosting.sites.update"]
[debug] [2022-11-10T14:10:58.435Z] > refreshing access token with scopes: []
[debug] [2022-11-10T14:10:58.436Z] >>> [apiv2][query] POST https://www.googleapis.com/oauth2/v3/token [none]
[debug] [2022-11-10T14:10:58.436Z] >>> [apiv2][body] POST https://www.googleapis.com/oauth2/v3/token [omitted]
[debug] [2022-11-10T14:10:58.847Z] <<< [apiv2][status] POST https://www.googleapis.com/oauth2/v3/token 200
[debug] [2022-11-10T14:10:58.847Z] <<< [apiv2][body] POST https://www.googleapis.com/oauth2/v3/token [omitted]
[debug] [2022-11-10T14:10:58.854Z] >>> [apiv2][query] POST https://cloudresourcemanager.googleapis.com/v1/projects/plumboy-37ca4:testIamPermissions [none]
[debug] [2022-11-10T14:10:58.855Z] >>> [apiv2][(partial)header] POST https://cloudresourcemanager.googleapis.com/v1/projects/plumboy-37ca4:testIamPermissions x-goog-quota-user=projects/plumboy-37ca4
[debug] [2022-11-10T14:10:58.855Z] >>> [apiv2][body] POST https://cloudresourcemanager.googleapis.com/v1/projects/plumboy-37ca4:testIamPermissions {"permissions":["firebase.projects.get","firebasehosting.sites.update"]}
[debug] [2022-11-10T14:10:59.469Z] <<< [apiv2][status] POST https://cloudresourcemanager.googleapis.com/v1/projects/plumboy-37ca4:testIamPermissions 200
[debug] [2022-11-10T14:10:59.469Z] <<< [apiv2][body] POST https://cloudresourcemanager.googleapis.com/v1/projects/plumboy-37ca4:testIamPermissions {"permissions":["firebase.projects.get","firebasehosting.sites.update"]}
[debug] [2022-11-10T14:10:59.470Z] >>> [apiv2][query] GET https://firebase.googleapis.com/v1beta1/projects/plumboy-37ca4 [none]
